[debug] [2018-05-01T11:53:51.630Z] ----------------------------------------------------------------------
[debug] [2018-05-01T11:53:51.632Z] Command:       /usr/local/heroku/bin/node /usr/local/bin/firebase serve --only functions
[debug] [2018-05-01T11:53:51.632Z] CLI Version:   3.18.4
[debug] [2018-05-01T11:53:51.632Z] Platform:      linux
[debug] [2018-05-01T11:53:51.632Z] Node Version:  v7.10.0
[debug] [2018-05-01T11:53:51.632Z] Time:          Tue May 01 2018 12:53:51 GMT+0100 (WEST)
[debug] [2018-05-01T11:53:51.633Z] ----------------------------------------------------------------------
[debug] 
[debug] [2018-05-01T11:53:51.641Z] > command requires scopes: ["email","openid","https://www.googleapis.com/auth/cloudplatformprojects.readonly","https://www.googleapis.com/auth/firebase","https://www.googleapis.com/auth/cloud-platform"]
[debug] [2018-05-01T11:53:51.642Z] > authorizing via signed-in user
[debug] [2018-05-01T11:53:51.643Z] >>> HTTP REQUEST GET https://admin.firebase.com/v1/projects/bora-ajudar-3fc2c  
  
 Tue May 01 2018 12:53:51 GMT+0100 (WEST)
[debug] [2018-05-01T11:53:52.386Z] <<< HTTP RESPONSE 200
[debug] [2018-05-01T11:53:52.387Z] >>> HTTP REQUEST GET https://admin.firebase.com/v1/database/bora-ajudar-3fc2c/tokens  
  
 Tue May 01 2018 12:53:52 GMT+0100 (WEST)
[debug] [2018-05-01T11:53:53.034Z] <<< HTTP RESPONSE 200
[debug] [2018-05-01T11:53:53.034Z] >>> HTTP REQUEST GET https://cloudresourcemanager.googleapis.com/v1/projects/bora-ajudar-3fc2c  
  
 Tue May 01 2018 12:53:53 GMT+0100 (WEST)
[debug] [2018-05-01T11:53:53.814Z] <<< HTTP RESPONSE 200
[info] 
[info] === Serving from '/home/adbrum/workspace/bora-ajudar'...
[info] 
[info] i  functions: Preparing to emulate functions.
[debug] [2018-05-01T11:53:54.200Z] Fetching environment
[debug] [2018-05-01T11:53:54.201Z] >>> HTTP REQUEST GET https://mobilesdk-pa.googleapis.com/v1/projects/1000049314265:getServerAppConfig  
  
 Tue May 01 2018 12:53:54 GMT+0100 (WEST)
[debug] [2018-05-01T11:53:54.766Z] <<< HTTP RESPONSE 200
[debug] [2018-05-01T11:53:54.767Z] Starting @google-cloud/functions-emulator
[debug] [2018-05-01T11:53:55.788Z] Parsing function triggers
[info] ✔  functions: api: http://localhost:5000/bora-ajudar-3fc2c/us-central1/api
